<?xml version="1.0" encoding="UTF-8"?>
<!-- Generated by org.testng.reporters.JUnitXMLReporter -->
<testsuite ignored="1" hostname="MANI" failures="0" tests="3" name="moke Test" time="0.025" errors="0" timestamp="2023-08-09T12:21:07 IST">
  <testcase classname="com.testNG.TestNgGroupsEx2" name="testcase6" time="0.003"/>
  <testcase classname="com.testNG.TestNgGroupsEx2" name="testcase7" time="0.001"/>
  <testcase classname="com.testNG.TestNgGroupsEx2" name="testcase8" time="0.002"/>
  <testcase classname="com.testNG.TestNgGroupsEx2" name="testcase5" time="0.0">
    <ignored/>
  </testcase> <!-- testcase5 -->
</testsuite> <!-- moke Test -->
