<?xml version="1.0" encoding="UTF-8"?>
<!-- Generated by org.testng.reporters.JUnitXMLReporter -->
<testsuite ignored="1" hostname="MANI" failures="0" tests="3" name="Sanity Test" time="0.133" errors="0" timestamp="2023-08-09T12:21:07 IST">
  <testcase classname="com.testNG.TestNgGroupsEx" name="testcase1" time="0.01"/>
  <testcase classname="com.testNG.TestNgGroupsEx" name="testcase2" time="0.002"/>
  <testcase classname="com.testNG.TestNgGroupsEx" name="testcase4" time="0.003"/>
  <testcase classname="com.testNG.TestNgGroupsEx" name="testcase3" time="0.0">
    <ignored/>
  </testcase> <!-- testcase3 -->
</testsuite> <!-- Sanity Test -->
