<?xml version="1.0" encoding="UTF-8"?>
<!-- Generated by org.testng.reporters.JUnitXMLReporter -->
<testsuite ignored="2" hostname="MANI" failures="0" tests="2" name="Smoke Test" time="0.021" errors="0" timestamp="2023-08-09T12:14:41 IST">
  <testcase classname="com.testNG.TestNgGroupsEx2" name="testcase5" time="0.002"/>
  <testcase classname="com.testNG.TestNgGroupsEx2" name="testcase6" time="0.002"/>
  <testcase classname="com.testNG.TestNgGroupsEx2" name="testcase7" time="0.0">
    <ignored/>
  </testcase> <!-- testcase7 -->
  <testcase classname="com.testNG.TestNgGroupsEx2" name="testcase8" time="0.0">
    <ignored/>
  </testcase> <!-- testcase8 -->
</testsuite> <!-- Smoke Test -->
