<?xml version="1.0" encoding="UTF-8"?>
<!-- Generated by org.testng.reporters.JUnitXMLReporter -->
<testsuite ignored="0" hostname="MANI" failures="0" tests="5" name="Test1" time="8.334" errors="0" timestamp="2023-08-10T22:37:34 IST">
  <testcase classname="com.testNG.TestNgParallel1" name="@BeforeMethod launchLambdatest" time="0.008">
    <failure type="java.lang.NullPointerException" message="Cannot invoke &amp;quot;org.openqa.selenium.WebDriver.get(String)&amp;quot; because &amp;quot;this.driver&amp;quot; is null">
      <![CDATA[java.lang.NullPointerException: Cannot invoke "org.openqa.selenium.WebDriver.get(String)" because "this.driver" is null
at com.testNG.TestNgParallel1.launchLambdatest(TestNgParallel1.java:22)
at java.base/java.util.concurrent.ThreadPoolExecutor.runWorker(ThreadPoolExecutor.java:1136)
at java.base/java.util.concurrent.ThreadPoolExecutor$Worker.run(ThreadPoolExecutor.java:635)
at java.base/java.lang.Thread.run(Thread.java:833)
... Removed 16 stack frames]]>
    </failure>
  </testcase> <!-- @BeforeMethod launchLambdatest -->
  <testcase classname="com.testNG.TestNgParallel1" name="@BeforeMethod launchLambdatest" time="0.009">
    <failure type="java.lang.NullPointerException" message="Cannot invoke &amp;quot;org.openqa.selenium.WebDriver.get(String)&amp;quot; because &amp;quot;this.driver&amp;quot; is null">
      <![CDATA[java.lang.NullPointerException: Cannot invoke "org.openqa.selenium.WebDriver.get(String)" because "this.driver" is null
at com.testNG.TestNgParallel1.launchLambdatest(TestNgParallel1.java:22)
at java.base/java.util.concurrent.ThreadPoolExecutor.runWorker(ThreadPoolExecutor.java:1136)
at java.base/java.util.concurrent.ThreadPoolExecutor$Worker.run(ThreadPoolExecutor.java:635)
at java.base/java.lang.Thread.run(Thread.java:833)
... Removed 16 stack frames]]>
    </failure>
  </testcase> <!-- @BeforeMethod launchLambdatest -->
  <testcase classname="com.testNG.TestNgParallel1" name="@AfterMethod closeBrowser" time="0.0">
    <skipped/>
  </testcase> <!-- @AfterMethod closeBrowser -->
  <testcase classname="com.testNG.TestNgParallel1" name="@AfterMethod closeBrowser" time="0.0">
    <skipped/>
  </testcase> <!-- @AfterMethod closeBrowser -->
  <testcase classname="com.testNG.TestNgParallel1" name="launchSaucelabs" time="0.0">
    <skipped/>
  </testcase> <!-- launchSaucelabs -->
  <testcase classname="com.testNG.TestNgParallel1" name="launchLambdatest" time="0.0">
    <skipped/>
  </testcase> <!-- launchLambdatest -->
  <testcase classname="com.testNG.TestNgParallel" name="launchGoogle" time="5.264"/>
  <testcase classname="com.testNG.TestNgParallel" name="launchGoogle" time="5.279"/>
  <testcase classname="com.testNG.TestNgParallel" name="launchGoogle" time="5.293"/>
</testsuite> <!-- Test1 -->
