<?xml version="1.0" encoding="UTF-8"?>
<!-- Generated by org.testng.reporters.JUnitXMLReporter -->
<testsuite ignored="0" hostname="MANI" failures="0" tests="2" name="Test2" time="0.084" errors="0" timestamp="2023-08-10T22:34:01 IST">
  <testcase classname="com.testNG.TestNgParallel1" name="launchLambdatest" time="0.001">
    <skipped/>
  </testcase> <!-- launchLambdatest -->
  <testcase classname="com.testNG.TestNgParallel1" name="launchSaucelabs" time="0.0">
    <skipped/>
  </testcase> <!-- launchSaucelabs -->
</testsuite> <!-- Test2 -->
